#
# A fatal error has been detected by the Java Runtime Environment:
#
#  EXCEPTION_ACCESS_VIOLATION (0xc0000005) at pc=0x00007ffecabca362, pid=26524, tid=26052
#
# JRE version: OpenJDK Runtime Environment (16.0.2+7) (build 16.0.2+7-67)
# Java VM: OpenJDK 64-Bit Server VM (16.0.2+7-67, mixed mode, tiered, compressed oops, compressed class ptrs, g1 gc, windows-amd64)
# Problematic frame:
# V  [jvm.dll+0x23a362]
#
# No core dump will be written. Minidumps are not enabled by default on client versions of Windows
#
# If you would like to submit a bug report, please visit:
#   https://bugreport.java.com/bugreport/crash.jsp
#

---------------  S U M M A R Y ------------

Command Line: -XX:+ShowCodeDetailsInExceptionMessages -agentlib:jdwp=transport=dt_socket,suspend=y,address=localhost:54156 -ea -javaagent:C:\Users\chenj\eclipse\java-2021-06\eclipse\configuration\org.eclipse.osgi\222\0\.cp\lib\javaagent-shaded.jar -Dfile.encoding=Cp1252 org.eclipse.jdt.internal.junit.runner.RemoteTestRunner -version 3 -port 54155 -testLoaderClass org.eclipse.jdt.internal.junit4.runner.JUnit4TestLoader -loaderpluginname org.eclipse.jdt.junit4.runtime -classNames PRQuadTreeTest

Host: AMD Ryzen 5 2600X Six-Core Processor           , 12 cores, 31G,  Windows 10 , 64 bit Build 19041 (10.0.19041.1202)
Time: Mon Oct 18 19:58:49 2021 Eastern Daylight Time elapsed time: 262.487494 seconds (0d 0h 4m 22s)

---------------  T H R E A D  ---------------

Current thread (0x000002af9a039b00):  VMThread "VM Thread" [stack: 0x000000c8eab00000,0x000000c8eac00000] [id=26052]

Stack: [0x000000c8eab00000,0x000000c8eac00000],  sp=0x000000c8eabff238,  free space=1020k
Native frames: (J=compiled Java code, j=interpreted, Vv=VM code, C=native code)
V  [jvm.dll+0x23a362]


siginfo: EXCEPTION_ACCESS_VIOLATION (0xc0000005), reading address 0x000002af9b2b56c2


Register to memory mapping:

RIP=0x00007ffecabca362 jvm.dll
RAX=0x000000000000eed9 is an unknown value
RBX=0x000000c8eabff4e0 points into unknown readable memory: 0x00007ffecb2c2218 | 18 22 2c cb fe 7f 00 00
RCX=0x000002af9b23eaf8 is pointing into metadata
RDX=0x000000000000eed9 is an unknown value
RSP=0x000000c8eabff238 points into unknown readable memory: 0x00007ffecacbcac3 | c3 ca cb ca fe 7f 00 00
RBP=0x0000000000000001 is an unknown value
RSI=0x0000000000000001 is an unknown value
RDI=0x000002af9b23dfb0 is pointing into metadata
R8 =0x0 is NULL
R9 =0x000002af9b23dfb0 is pointing into metadata
R10=0x000000c8eabff4e0 points into unknown readable memory: 0x00007ffecb2c2218 | 18 22 2c cb fe 7f 00 00
R11=0x000002af9a7a54f0 points into unknown readable memory: 0x4700000147000000 | 00 00 00 47 01 00 00 47
R12=0x00007ffeca990000 jvm.dll
R13=0x000002af9a7a53d0 points into unknown readable memory: 0x0000004b20af4800 | 00 48 af 20 4b 00 00 00
R14=0x000002af9b239f0c is pointing into metadata
R15=0x000000000000007b is an unknown value


Registers:
RAX=0x000000000000eed9, RBX=0x000000c8eabff4e0, RCX=0x000002af9b23eaf8, RDX=0x000000000000eed9
RSP=0x000000c8eabff238, RBP=0x0000000000000001, RSI=0x0000000000000001, RDI=0x000002af9b23dfb0
R8 =0x0000000000000000, R9 =0x000002af9b23dfb0, R10=0x000000c8eabff4e0, R11=0x000002af9a7a54f0
R12=0x00007ffeca990000, R13=0x000002af9a7a53d0, R14=0x000002af9b239f0c, R15=0x000000000000007b
RIP=0x00007ffecabca362, EFLAGS=0x0000000000010216

Top of Stack: (sp=0x000000c8eabff238)
0x000000c8eabff238:   00007ffecacbcac3 000000c8eabff2b0
0x000000c8eabff248:   00007ffecaabce8e 000000c8eabff2b0
0x000000c8eabff258:   00007ffecaab50fe 4fffffff4600003d
0x000000c8eabff268:   00000000000000b2 000000c8eabff4e0
0x000000c8eabff278:   00007ffecacbd7d3 0000ce80b1c75f41
0x000000c8eabff288:   0000ce80b1c75f51 000002af9b239f0c
0x000000c8eabff298:   00000000000000b2 000000c8eabff4e0
0x000000c8eabff2a8:   00007ffecacbf022 000000c8eabff350
0x000000c8eabff2b8:   000000c8eabff350 0000000000000001
0x000000c8eabff2c8:   00007ffecacd1c34 000000c800000074
0x000000c8eabff2d8:   0000000000000004 0000000000000000
0x000000c8eabff2e8:   0000000000000015 000000c8eabff350
0x000000c8eabff2f8:   00007ffecaabce8e 000002af9b23ba90
0x000000c8eabff308:   000000c8eabff4e0 000000000000007b
0x000000c8eabff318:   00000000000000b2 000000c8eabff4e0
0x000000c8eabff328:   00007ffecacbf72e 000000c8eabff380 

Instructions: (pc=0x00007ffecabca362)
0x00007ffecabca262:   03 03 03 03 03 03 03 03 03 03 03 03 03 03 03 03
0x00007ffecabca272:   03 03 03 03 03 03 03 03 03 03 03 03 03 03 03 03
0x00007ffecabca282:   03 03 03 03 03 03 03 03 03 03 03 03 03 03 03 03
0x00007ffecabca292:   03 03 03 03 03 03 03 03 03 02 03 03 02 cc 48 89
0x00007ffecabca2a2:   5c 24 08 48 89 74 24 10 57 48 83 ec 20 48 63 da
0x00007ffecabca2b2:   41 0f b6 f0 48 8b f9 85 d2 79 24 4c 8d 0d 1c 95
0x00007ffecabca2c2:   69 00 ba b4 02 00 00 4c 8d 05 48 95 69 00 48 8d
0x00007ffecabca2d2:   0d b1 94 69 00 e8 64 88 00 00 e8 5f da 42 00 40
0x00007ffecabca2e2:   84 f6 75 18 48 8b 4f 10 48 85 c9 74 0f 48 8d 43
0x00007ffecabca2f2:   01 48 c1 e0 05 48 8b 04 08 0f b7 d8 48 8b 74 24
0x00007ffecabca302:   38 48 63 c3 48 8b 5c 24 30 0f b7 44 c7 48 48 83
0x00007ffecabca312:   c4 20 5f c3 cc cc cc cc cc cc cc cc cc cc 4c 8b
0x00007ffecabca322:   c9 45 84 c0 75 41 48 8b 49 10 48 85 c9 74 38 85
0x00007ffecabca332:   d2 79 19 f7 d2 8b c2 48 ff c0 48 c1 e0 05 48 8b
0x00007ffecabca342:   04 08 0f b7 c8 41 0f b7 44 c9 4a c3 48 63 c2 48
0x00007ffecabca352:   ff c0 48 c1 e0 05 48 8b 04 08 0f b7 d0 48 63 c2
0x00007ffecabca362:   41 0f b7 44 c1 4a c3 49 8b 41 08 4c 63 c2 42 0f
0x00007ffecabca372:   b6 44 00 04 8d 48 ef 80 f9 01 76 0e 3c 6a 74 0a
0x00007ffecabca382:   48 63 c2 41 0f b7 44 c1 4a c3 43 0f b7 44 c1 4a
0x00007ffecabca392:   c3 cc cc cc cc cc cc cc cc cc cc cc cc cc 40 53
0x00007ffecabca3a2:   48 83 ec 20 48 8b d9 e8 72 ff ff ff 48 63 d0 0f
0x00007ffecabca3b2:   b7 44 d3 48 48 8b 44 c3 48 48 83 c4 20 5b c3 cc
0x00007ffecabca3c2:   cc cc cc cc cc cc cc cc cc cc cc cc cc cc 40 53
0x00007ffecabca3d2:   48 83 ec 20 48 8b d9 e8 42 ff ff ff 48 63 d0 0f
0x00007ffecabca3e2:   b7 44 d3 4a 48 8b 44 c3 48 48 83 c4 20 5b c3 cc
0x00007ffecabca3f2:   cc cc cc cc cc cc cc cc cc cc cc cc cc cc 4c 8b
0x00007ffecabca402:   d1 45 84 c9 75 28 4c 8b 49 10 4d 85 c9 74 1f 45
0x00007ffecabca412:   85 c0 79 08 41 f7 d0 41 8b c0 eb 03 49 63 c0 48
0x00007ffecabca422:   ff c0 48 c1 e0 05 4a 8b 04 08 44 0f b7 c0 49 8b
0x00007ffecabca432:   42 08 49 63 c8 0f b6 4c 08 04 48 8b c2 88 0a c3
0x00007ffecabca442:   cc cc cc cc cc cc cc cc cc cc cc cc cc cc 40 56
0x00007ffecabca452:   57 41 54 41 56 41 57 48 83 ec 20 45 8b 30 49 8b 


Stack slot to memory mapping:
stack at sp + 0 slots: 0x00007ffecacbcac3 jvm.dll
stack at sp + 1 slots: 0x000000c8eabff2b0 points into unknown readable memory: 0x000000c8eabff350 | 50 f3 bf ea c8 00 00 00
stack at sp + 2 slots: 0x00007ffecaabce8e jvm.dll
stack at sp + 3 slots: 0x000000c8eabff2b0 points into unknown readable memory: 0x000000c8eabff350 | 50 f3 bf ea c8 00 00 00
stack at sp + 4 slots: 0x00007ffecaab50fe jvm.dll
stack at sp + 5 slots: 0x4fffffff4600003d is an unknown value
stack at sp + 6 slots: 0x00000000000000b2 is an unknown value
stack at sp + 7 slots: 0x000000c8eabff4e0 points into unknown readable memory: 0x00007ffecb2c2218 | 18 22 2c cb fe 7f 00 00

VM_Operation (0x000000c8eb6ff670): get/set locals, mode: safepoint, requested by thread 0x000002af9a327a00


---------------  P R O C E S S  ---------------

Threads class SMR info:
_java_thread_list=0x000002af9aba1eb0, length=16, elements={
0x000002aff0d4e330, 0x000002af9a058420, 0x000002af9a059990, 0x000002af9a0926b0,
0x000002af9a094fd0, 0x000002af9a096080, 0x000002af9a097740, 0x000002af9a0b0570,
0x000002af9a0b5290, 0x000002af9a0b7c00, 0x000002af9a1a19d0, 0x000002af9a327a00,
0x000002af9a344740, 0x000002af9a345010, 0x000002af9a808ce0, 0x000002af9a87bdf0
}

Java Threads: ( => current thread )
  0x000002aff0d4e330 JavaThread "main" [_thread_blocked, id=3948, stack(0x000000c8ea500000,0x000000c8ea600000)]
  0x000002af9a058420 JavaThread "Reference Handler" daemon [_thread_blocked, id=33400, stack(0x000000c8eac00000,0x000000c8ead00000)]
  0x000002af9a059990 JavaThread "Finalizer" daemon [_thread_blocked, id=32856, stack(0x000000c8ead00000,0x000000c8eae00000)]
  0x000002af9a0926b0 JavaThread "Signal Dispatcher" daemon [_thread_blocked, id=16248, stack(0x000000c8eae00000,0x000000c8eaf00000)]
  0x000002af9a094fd0 JavaThread "Attach Listener" daemon [_thread_blocked, id=29568, stack(0x000000c8eaf00000,0x000000c8eb000000)]
  0x000002af9a096080 JavaThread "Service Thread" daemon [_thread_blocked, id=6672, stack(0x000000c8eb000000,0x000000c8eb100000)]
  0x000002af9a097740 JavaThread "Monitor Deflation Thread" daemon [_thread_blocked, id=27384, stack(0x000000c8eb100000,0x000000c8eb200000)]
  0x000002af9a0b0570 JavaThread "C2 CompilerThread0" daemon [_thread_blocked, id=33316, stack(0x000000c8eb200000,0x000000c8eb300000)]
  0x000002af9a0b5290 JavaThread "C1 CompilerThread0" daemon [_thread_blocked, id=29100, stack(0x000000c8eb300000,0x000000c8eb400000)]
  0x000002af9a0b7c00 JavaThread "Sweeper thread" daemon [_thread_blocked, id=8556, stack(0x000000c8eb400000,0x000000c8eb500000)]
  0x000002af9a1a19d0 JavaThread "Common-Cleaner" daemon [_thread_blocked, id=9904, stack(0x000000c8eb500000,0x000000c8eb600000)]
  0x000002af9a327a00 JavaThread "JDWP Transport Listener: dt_socket" daemon [_thread_blocked, id=33644, stack(0x000000c8eb600000,0x000000c8eb700000)]
  0x000002af9a344740 JavaThread "JDWP Event Helper Thread" daemon [_thread_blocked, id=26660, stack(0x000000c8eb700000,0x000000c8eb800000)]
  0x000002af9a345010 JavaThread "JDWP Command Reader" daemon [_thread_in_native, id=24820, stack(0x000000c8eb800000,0x000000c8eb900000)]
  0x000002af9a808ce0 JavaThread "Notification Thread" daemon [_thread_blocked, id=28112, stack(0x000000c8eb900000,0x000000c8eba00000)]
  0x000002af9a87bdf0 JavaThread "ReaderThread" [_thread_in_native, id=19428, stack(0x000000c8ebc00000,0x000000c8ebd00000)]

Other Threads:
=>0x000002af9a039b00 VMThread "VM Thread" [stack: 0x000000c8eab00000,0x000000c8eac00000] [id=26052]
  0x000002af9a3fc850 WatcherThread [stack: 0x000000c8eba00000,0x000000c8ebb00000] [id=17780]
  0x000002aff0dc4a20 GCTaskThread "GC Thread#0" [stack: 0x000000c8ea600000,0x000000c8ea700000] [id=8808]
  0x000002aff0dd6090 ConcurrentGCThread "G1 Main Marker" [stack: 0x000000c8ea700000,0x000000c8ea800000] [id=8692]
  0x000002aff0dd6a10 ConcurrentGCThread "G1 Conc#0" [stack: 0x000000c8ea800000,0x000000c8ea900000] [id=26444]
  0x000002aff0e2e4b0 ConcurrentGCThread "G1 Refine#0" [stack: 0x000000c8ea900000,0x000000c8eaa00000] [id=29772]
  0x000002af9937a110 ConcurrentGCThread "G1 Service" [stack: 0x000000c8eaa00000,0x000000c8eab00000] [id=26132]

Threads with active compile tasks:

VM state: at safepoint (normal execution)

VM Mutex/Monitor currently owned by a thread:  ([mutex/lock_event])
[0x000002aff0d498d0] Threads_lock - owner thread: 0x000002af9a039b00

Heap address: 0x0000000601000000, size: 8176 MB, Compressed Oops mode: Zero based, Oop shift amount: 3

CDS disabled.
Compressed class space mapped at: 0x0000000800000000-0x0000000840000000, reserved size: 1073741824
Narrow klass base: 0x0000000800000000, Narrow klass shift: 0, Narrow klass range: 0x40000000

GC Precious Log:
 CPUs: 12 total, 12 available
 Memory: 32693M
 Large Page Support: Disabled
 NUMA Support: Disabled
 Compressed Oops: Enabled (Zero based)
 Heap Region Size: 4M
 Heap Min Capacity: 8M
 Heap Initial Capacity: 512M
 Heap Max Capacity: 8176M
 Pre-touch: Disabled
 Parallel Workers: 10
 Concurrent Workers: 3
 Concurrent Refinement Workers: 10
 Periodic GC: Disabled

Heap:
 garbage-first heap   total 524288K, used 16384K [0x0000000601000000, 0x0000000800000000)
  region size 4096K, 5 young (20480K), 0 survivors (0K)
 Metaspace       used 12678K, committed 12800K, reserved 1064960K
  class space    used 1165K, committed 1216K, reserved 1048576K

Heap Regions: E=young(eden), S=young(survivor), O=old, HS=humongous(starts), HC=humongous(continues), CS=collection set, F=free, OA=open archive, CA=closed archive, TAMS=top-at-mark-start (previous, next)
|   0|0x0000000601000000, 0x0000000601000000, 0x0000000601400000|  0%| F|  |TAMS 0x0000000601000000, 0x0000000601000000| Untracked 
|   1|0x0000000601400000, 0x0000000601400000, 0x0000000601800000|  0%| F|  |TAMS 0x0000000601400000, 0x0000000601400000| Untracked 
|   2|0x0000000601800000, 0x0000000601800000, 0x0000000601c00000|  0%| F|  |TAMS 0x0000000601800000, 0x0000000601800000| Untracked 
|   3|0x0000000601c00000, 0x0000000601c00000, 0x0000000602000000|  0%| F|  |TAMS 0x0000000601c00000, 0x0000000601c00000| Untracked 
|   4|0x0000000602000000, 0x0000000602000000, 0x0000000602400000|  0%| F|  |TAMS 0x0000000602000000, 0x0000000602000000| Untracked 
|   5|0x0000000602400000, 0x0000000602400000, 0x0000000602800000|  0%| F|  |TAMS 0x0000000602400000, 0x0000000602400000| Untracked 
|   6|0x0000000602800000, 0x0000000602800000, 0x0000000602c00000|  0%| F|  |TAMS 0x0000000602800000, 0x0000000602800000| Untracked 
|   7|0x0000000602c00000, 0x0000000602c00000, 0x0000000603000000|  0%| F|  |TAMS 0x0000000602c00000, 0x0000000602c00000| Untracked 
|   8|0x0000000603000000, 0x0000000603000000, 0x0000000603400000|  0%| F|  |TAMS 0x0000000603000000, 0x0000000603000000| Untracked 
|   9|0x0000000603400000, 0x0000000603400000, 0x0000000603800000|  0%| F|  |TAMS 0x0000000603400000, 0x0000000603400000| Untracked 
|  10|0x0000000603800000, 0x0000000603800000, 0x0000000603c00000|  0%| F|  |TAMS 0x0000000603800000, 0x0000000603800000| Untracked 
|  11|0x0000000603c00000, 0x0000000603c00000, 0x0000000604000000|  0%| F|  |TAMS 0x0000000603c00000, 0x0000000603c00000| Untracked 
|  12|0x0000000604000000, 0x0000000604000000, 0x0000000604400000|  0%| F|  |TAMS 0x0000000604000000, 0x0000000604000000| Untracked 
|  13|0x0000000604400000, 0x0000000604400000, 0x0000000604800000|  0%| F|  |TAMS 0x0000000604400000, 0x0000000604400000| Untracked 
|  14|0x0000000604800000, 0x0000000604800000, 0x0000000604c00000|  0%| F|  |TAMS 0x0000000604800000, 0x0000000604800000| Untracked 
|  15|0x0000000604c00000, 0x0000000604c00000, 0x0000000605000000|  0%| F|  |TAMS 0x0000000604c00000, 0x0000000604c00000| Untracked 
|  16|0x0000000605000000, 0x0000000605000000, 0x0000000605400000|  0%| F|  |TAMS 0x0000000605000000, 0x0000000605000000| Untracked 
|  17|0x0000000605400000, 0x0000000605400000, 0x0000000605800000|  0%| F|  |TAMS 0x0000000605400000, 0x0000000605400000| Untracked 
|  18|0x0000000605800000, 0x0000000605800000, 0x0000000605c00000|  0%| F|  |TAMS 0x0000000605800000, 0x0000000605800000| Untracked 
|  19|0x0000000605c00000, 0x0000000605c00000, 0x0000000606000000|  0%| F|  |TAMS 0x0000000605c00000, 0x0000000605c00000| Untracked 
|  20|0x0000000606000000, 0x0000000606000000, 0x0000000606400000|  0%| F|  |TAMS 0x0000000606000000, 0x0000000606000000| Untracked 
|  21|0x0000000606400000, 0x0000000606400000, 0x0000000606800000|  0%| F|  |TAMS 0x0000000606400000, 0x0000000606400000| Untracked 
|  22|0x0000000606800000, 0x0000000606800000, 0x0000000606c00000|  0%| F|  |TAMS 0x0000000606800000, 0x0000000606800000| Untracked 
|  23|0x0000000606c00000, 0x0000000606c00000, 0x0000000607000000|  0%| F|  |TAMS 0x0000000606c00000, 0x0000000606c00000| Untracked 
|  24|0x0000000607000000, 0x0000000607000000, 0x0000000607400000|  0%| F|  |TAMS 0x0000000607000000, 0x0000000607000000| Untracked 
|  25|0x0000000607400000, 0x0000000607400000, 0x0000000607800000|  0%| F|  |TAMS 0x0000000607400000, 0x0000000607400000| Untracked 
|  26|0x0000000607800000, 0x0000000607800000, 0x0000000607c00000|  0%| F|  |TAMS 0x0000000607800000, 0x0000000607800000| Untracked 
|  27|0x0000000607c00000, 0x0000000607c00000, 0x0000000608000000|  0%| F|  |TAMS 0x0000000607c00000, 0x0000000607c00000| Untracked 
|  28|0x0000000608000000, 0x0000000608000000, 0x0000000608400000|  0%| F|  |TAMS 0x0000000608000000, 0x0000000608000000| Untracked 
|  29|0x0000000608400000, 0x0000000608400000, 0x0000000608800000|  0%| F|  |TAMS 0x0000000608400000, 0x0000000608400000| Untracked 
|  30|0x0000000608800000, 0x0000000608800000, 0x0000000608c00000|  0%| F|  |TAMS 0x0000000608800000, 0x0000000608800000| Untracked 
|  31|0x0000000608c00000, 0x0000000608c00000, 0x0000000609000000|  0%| F|  |TAMS 0x0000000608c00000, 0x0000000608c00000| Untracked 
|  32|0x0000000609000000, 0x0000000609000000, 0x0000000609400000|  0%| F|  |TAMS 0x0000000609000000, 0x0000000609000000| Untracked 
|  33|0x0000000609400000, 0x0000000609400000, 0x0000000609800000|  0%| F|  |TAMS 0x0000000609400000, 0x0000000609400000| Untracked 
|  34|0x0000000609800000, 0x0000000609800000, 0x0000000609c00000|  0%| F|  |TAMS 0x0000000609800000, 0x0000000609800000| Untracked 
|  35|0x0000000609c00000, 0x0000000609c00000, 0x000000060a000000|  0%| F|  |TAMS 0x0000000609c00000, 0x0000000609c00000| Untracked 
|  36|0x000000060a000000, 0x000000060a000000, 0x000000060a400000|  0%| F|  |TAMS 0x000000060a000000, 0x000000060a000000| Untracked 
|  37|0x000000060a400000, 0x000000060a400000, 0x000000060a800000|  0%| F|  |TAMS 0x000000060a400000, 0x000000060a400000| Untracked 
|  38|0x000000060a800000, 0x000000060a800000, 0x000000060ac00000|  0%| F|  |TAMS 0x000000060a800000, 0x000000060a800000| Untracked 
|  39|0x000000060ac00000, 0x000000060ac00000, 0x000000060b000000|  0%| F|  |TAMS 0x000000060ac00000, 0x000000060ac00000| Untracked 
|  40|0x000000060b000000, 0x000000060b000000, 0x000000060b400000|  0%| F|  |TAMS 0x000000060b000000, 0x000000060b000000| Untracked 
|  41|0x000000060b400000, 0x000000060b400000, 0x000000060b800000|  0%| F|  |TAMS 0x000000060b400000, 0x000000060b400000| Untracked 
|  42|0x000000060b800000, 0x000000060b800000, 0x000000060bc00000|  0%| F|  |TAMS 0x000000060b800000, 0x000000060b800000| Untracked 
|  43|0x000000060bc00000, 0x000000060bc00000, 0x000000060c000000|  0%| F|  |TAMS 0x000000060bc00000, 0x000000060bc00000| Untracked 
|  44|0x000000060c000000, 0x000000060c000000, 0x000000060c400000|  0%| F|  |TAMS 0x000000060c000000, 0x000000060c000000| Untracked 
|  45|0x000000060c400000, 0x000000060c400000, 0x000000060c800000|  0%| F|  |TAMS 0x000000060c400000, 0x000000060c400000| Untracked 
|  46|0x000000060c800000, 0x000000060c800000, 0x000000060cc00000|  0%| F|  |TAMS 0x000000060c800000, 0x000000060c800000| Untracked 
|  47|0x000000060cc00000, 0x000000060cc00000, 0x000000060d000000|  0%| F|  |TAMS 0x000000060cc00000, 0x000000060cc00000| Untracked 
|  48|0x000000060d000000, 0x000000060d000000, 0x000000060d400000|  0%| F|  |TAMS 0x000000060d000000, 0x000000060d000000| Untracked 
|  49|0x000000060d400000, 0x000000060d400000, 0x000000060d800000|  0%| F|  |TAMS 0x000000060d400000, 0x000000060d400000| Untracked 
|  50|0x000000060d800000, 0x000000060d800000, 0x000000060dc00000|  0%| F|  |TAMS 0x000000060d800000, 0x000000060d800000| Untracked 
|  51|0x000000060dc00000, 0x000000060dc00000, 0x000000060e000000|  0%| F|  |TAMS 0x000000060dc00000, 0x000000060dc00000| Untracked 
|  52|0x000000060e000000, 0x000000060e000000, 0x000000060e400000|  0%| F|  |TAMS 0x000000060e000000, 0x000000060e000000| Untracked 
|  53|0x000000060e400000, 0x000000060e400000, 0x000000060e800000|  0%| F|  |TAMS 0x000000060e400000, 0x000000060e400000| Untracked 
|  54|0x000000060e800000, 0x000000060e800000, 0x000000060ec00000|  0%| F|  |TAMS 0x000000060e800000, 0x000000060e800000| Untracked 
|  55|0x000000060ec00000, 0x000000060ec00000, 0x000000060f000000|  0%| F|  |TAMS 0x000000060ec00000, 0x000000060ec00000| Untracked 
|  56|0x000000060f000000, 0x000000060f000000, 0x000000060f400000|  0%| F|  |TAMS 0x000000060f000000, 0x000000060f000000| Untracked 
|  57|0x000000060f400000, 0x000000060f400000, 0x000000060f800000|  0%| F|  |TAMS 0x000000060f400000, 0x000000060f400000| Untracked 
|  58|0x000000060f800000, 0x000000060f800000, 0x000000060fc00000|  0%| F|  |TAMS 0x000000060f800000, 0x000000060f800000| Untracked 
|  59|0x000000060fc00000, 0x000000060fc00000, 0x0000000610000000|  0%| F|  |TAMS 0x000000060fc00000, 0x000000060fc00000| Untracked 
|  60|0x0000000610000000, 0x0000000610000000, 0x0000000610400000|  0%| F|  |TAMS 0x0000000610000000, 0x0000000610000000| Untracked 
|  61|0x0000000610400000, 0x0000000610400000, 0x0000000610800000|  0%| F|  |TAMS 0x0000000610400000, 0x0000000610400000| Untracked 
|  62|0x0000000610800000, 0x0000000610800000, 0x0000000610c00000|  0%| F|  |TAMS 0x0000000610800000, 0x0000000610800000| Untracked 
|  63|0x0000000610c00000, 0x0000000610c00000, 0x0000000611000000|  0%| F|  |TAMS 0x0000000610c00000, 0x0000000610c00000| Untracked 
|  64|0x0000000611000000, 0x0000000611000000, 0x0000000611400000|  0%| F|  |TAMS 0x0000000611000000, 0x0000000611000000| Untracked 
|  65|0x0000000611400000, 0x0000000611400000, 0x0000000611800000|  0%| F|  |TAMS 0x0000000611400000, 0x0000000611400000| Untracked 
|  66|0x0000000611800000, 0x0000000611800000, 0x0000000611c00000|  0%| F|  |TAMS 0x0000000611800000, 0x0000000611800000| Untracked 
|  67|0x0000000611c00000, 0x0000000611c00000, 0x0000000612000000|  0%| F|  |TAMS 0x0000000611c00000, 0x0000000611c00000| Untracked 
|  68|0x0000000612000000, 0x0000000612000000, 0x0000000612400000|  0%| F|  |TAMS 0x0000000612000000, 0x0000000612000000| Untracked 
|  69|0x0000000612400000, 0x0000000612400000, 0x0000000612800000|  0%| F|  |TAMS 0x0000000612400000, 0x0000000612400000| Untracked 
|  70|0x0000000612800000, 0x0000000612800000, 0x0000000612c00000|  0%| F|  |TAMS 0x0000000612800000, 0x0000000612800000| Untracked 
|  71|0x0000000612c00000, 0x0000000612c00000, 0x0000000613000000|  0%| F|  |TAMS 0x0000000612c00000, 0x0000000612c00000| Untracked 
|  72|0x0000000613000000, 0x0000000613000000, 0x0000000613400000|  0%| F|  |TAMS 0x0000000613000000, 0x0000000613000000| Untracked 
|  73|0x0000000613400000, 0x0000000613400000, 0x0000000613800000|  0%| F|  |TAMS 0x0000000613400000, 0x0000000613400000| Untracked 
|  74|0x0000000613800000, 0x0000000613800000, 0x0000000613c00000|  0%| F|  |TAMS 0x0000000613800000, 0x0000000613800000| Untracked 
|  75|0x0000000613c00000, 0x0000000613c00000, 0x0000000614000000|  0%| F|  |TAMS 0x0000000613c00000, 0x0000000613c00000| Untracked 
|  76|0x0000000614000000, 0x0000000614000000, 0x0000000614400000|  0%| F|  |TAMS 0x0000000614000000, 0x0000000614000000| Untracked 
|  77|0x0000000614400000, 0x0000000614400000, 0x0000000614800000|  0%| F|  |TAMS 0x0000000614400000, 0x0000000614400000| Untracked 
|  78|0x0000000614800000, 0x0000000614800000, 0x0000000614c00000|  0%| F|  |TAMS 0x0000000614800000, 0x0000000614800000| Untracked 
|  79|0x0000000614c00000, 0x0000000614c00000, 0x0000000615000000|  0%| F|  |TAMS 0x0000000614c00000, 0x0000000614c00000| Untracked 
|  80|0x0000000615000000, 0x0000000615000000, 0x0000000615400000|  0%| F|  |TAMS 0x0000000615000000, 0x0000000615000000| Untracked 
|  81|0x0000000615400000, 0x0000000615400000, 0x0000000615800000|  0%| F|  |TAMS 0x0000000615400000, 0x0000000615400000| Untracked 
|  82|0x0000000615800000, 0x0000000615800000, 0x0000000615c00000|  0%| F|  |TAMS 0x0000000615800000, 0x0000000615800000| Untracked 
|  83|0x0000000615c00000, 0x0000000615c00000, 0x0000000616000000|  0%| F|  |TAMS 0x0000000615c00000, 0x0000000615c00000| Untracked 
|  84|0x0000000616000000, 0x0000000616000000, 0x0000000616400000|  0%| F|  |TAMS 0x0000000616000000, 0x0000000616000000| Untracked 
|  85|0x0000000616400000, 0x0000000616400000, 0x0000000616800000|  0%| F|  |TAMS 0x0000000616400000, 0x0000000616400000| Untracked 
|  86|0x0000000616800000, 0x0000000616800000, 0x0000000616c00000|  0%| F|  |TAMS 0x0000000616800000, 0x0000000616800000| Untracked 
|  87|0x0000000616c00000, 0x0000000616c00000, 0x0000000617000000|  0%| F|  |TAMS 0x0000000616c00000, 0x0000000616c00000| Untracked 
|  88|0x0000000617000000, 0x0000000617000000, 0x0000000617400000|  0%| F|  |TAMS 0x0000000617000000, 0x0000000617000000| Untracked 
|  89|0x0000000617400000, 0x0000000617400000, 0x0000000617800000|  0%| F|  |TAMS 0x0000000617400000, 0x0000000617400000| Untracked 
|  90|0x0000000617800000, 0x0000000617800000, 0x0000000617c00000|  0%| F|  |TAMS 0x0000000617800000, 0x0000000617800000| Untracked 
|  91|0x0000000617c00000, 0x0000000617c00000, 0x0000000618000000|  0%| F|  |TAMS 0x0000000617c00000, 0x0000000617c00000| Untracked 
|  92|0x0000000618000000, 0x0000000618000000, 0x0000000618400000|  0%| F|  |TAMS 0x0000000618000000, 0x0000000618000000| Untracked 
|  93|0x0000000618400000, 0x0000000618400000, 0x0000000618800000|  0%| F|  |TAMS 0x0000000618400000, 0x0000000618400000| Untracked 
|  94|0x0000000618800000, 0x0000000618800000, 0x0000000618c00000|  0%| F|  |TAMS 0x0000000618800000, 0x0000000618800000| Untracked 
|  95|0x0000000618c00000, 0x0000000618c00000, 0x0000000619000000|  0%| F|  |TAMS 0x0000000618c00000, 0x0000000618c00000| Untracked 
|  96|0x0000000619000000, 0x0000000619000000, 0x0000000619400000|  0%| F|  |TAMS 0x0000000619000000, 0x0000000619000000| Untracked 
|  97|0x0000000619400000, 0x0000000619400000, 0x0000000619800000|  0%| F|  |TAMS 0x0000000619400000, 0x0000000619400000| Untracked 
|  98|0x0000000619800000, 0x0000000619800000, 0x0000000619c00000|  0%| F|  |TAMS 0x0000000619800000, 0x0000000619800000| Untracked 
|  99|0x0000000619c00000, 0x0000000619c00000, 0x000000061a000000|  0%| F|  |TAMS 0x0000000619c00000, 0x0000000619c00000| Untracked 
| 100|0x000000061a000000, 0x000000061a000000, 0x000000061a400000|  0%| F|  |TAMS 0x000000061a000000, 0x000000061a000000| Untracked 
| 101|0x000000061a400000, 0x000000061a400000, 0x000000061a800000|  0%| F|  |TAMS 0x000000061a400000, 0x000000061a400000| Untracked 
| 102|0x000000061a800000, 0x000000061a800000, 0x000000061ac00000|  0%| F|  |TAMS 0x000000061a800000, 0x000000061a800000| Untracked 
| 103|0x000000061ac00000, 0x000000061ac00000, 0x000000061b000000|  0%| F|  |TAMS 0x000000061ac00000, 0x000000061ac00000| Untracked 
| 104|0x000000061b000000, 0x000000061b000000, 0x000000061b400000|  0%| F|  |TAMS 0x000000061b000000, 0x000000061b000000| Untracked 
| 105|0x000000061b400000, 0x000000061b400000, 0x000000061b800000|  0%| F|  |TAMS 0x000000061b400000, 0x000000061b400000| Untracked 
| 106|0x000000061b800000, 0x000000061b800000, 0x000000061bc00000|  0%| F|  |TAMS 0x000000061b800000, 0x000000061b800000| Untracked 
| 107|0x000000061bc00000, 0x000000061bc00000, 0x000000061c000000|  0%| F|  |TAMS 0x000000061bc00000, 0x000000061bc00000| Untracked 
| 108|0x000000061c000000, 0x000000061c000000, 0x000000061c400000|  0%| F|  |TAMS 0x000000061c000000, 0x000000061c000000| Untracked 
| 109|0x000000061c400000, 0x000000061c400000, 0x000000061c800000|  0%| F|  |TAMS 0x000000061c400000, 0x000000061c400000| Untracked 
| 110|0x000000061c800000, 0x000000061c800000, 0x000000061cc00000|  0%| F|  |TAMS 0x000000061c800000, 0x000000061c800000| Untracked 
| 111|0x000000061cc00000, 0x000000061cc00000, 0x000000061d000000|  0%| F|  |TAMS 0x000000061cc00000, 0x000000061cc00000| Untracked 
| 112|0x000000061d000000, 0x000000061d000000, 0x000000061d400000|  0%| F|  |TAMS 0x000000061d000000, 0x000000061d000000| Untracked 
| 113|0x000000061d400000, 0x000000061d400000, 0x000000061d800000|  0%| F|  |TAMS 0x000000061d400000, 0x000000061d400000| Untracked 
| 114|0x000000061d800000, 0x000000061d800000, 0x000000061dc00000|  0%| F|  |TAMS 0x000000061d800000, 0x000000061d800000| Untracked 
| 115|0x000000061dc00000, 0x000000061dc00000, 0x000000061e000000|  0%| F|  |TAMS 0x000000061dc00000, 0x000000061dc00000| Untracked 
| 116|0x000000061e000000, 0x000000061e000000, 0x000000061e400000|  0%| F|  |TAMS 0x000000061e000000, 0x000000061e000000| Untracked 
| 117|0x000000061e400000, 0x000000061e400000, 0x000000061e800000|  0%| F|  |TAMS 0x000000061e400000, 0x000000061e400000| Untracked 
| 118|0x000000061e800000, 0x000000061e800000, 0x000000061ec00000|  0%| F|  |TAMS 0x000000061e800000, 0x000000061e800000| Untracked 
| 119|0x000000061ec00000, 0x000000061ec00000, 0x000000061f000000|  0%| F|  |TAMS 0x000000061ec00000, 0x000000061ec00000| Untracked 
| 120|0x000000061f000000, 0x000000061f000000, 0x000000061f400000|  0%| F|  |TAMS 0x000000061f000000, 0x000000061f000000| Untracked 
| 121|0x000000061f400000, 0x000000061f400000, 0x000000061f800000|  0%| F|  |TAMS 0x000000061f400000, 0x000000061f400000| Untracked 
| 122|0x000000061f800000, 0x000000061f800000, 0x000000061fc00000|  0%| F|  |TAMS 0x000000061f800000, 0x000000061f800000| Untracked 
| 123|0x000000061fc00000, 0x000000061fdec130, 0x0000000620000000| 48%| E|  |TAMS 0x000000061fc00000, 0x000000061fc00000| Complete 
| 124|0x0000000620000000, 0x0000000620400000, 0x0000000620400000|100%| E|CS|TAMS 0x0000000620000000, 0x0000000620000000| Complete 
| 125|0x0000000620400000, 0x0000000620800000, 0x0000000620800000|100%| E|CS|TAMS 0x0000000620400000, 0x0000000620400000| Complete 
| 126|0x0000000620800000, 0x0000000620c00000, 0x0000000620c00000|100%| E|CS|TAMS 0x0000000620800000, 0x0000000620800000| Complete 
| 127|0x0000000620c00000, 0x0000000621000000, 0x0000000621000000|100%| E|CS|TAMS 0x0000000620c00000, 0x0000000620c00000| Complete 

Card table byte_map: [0x000002aff5820000,0x000002aff6820000] _byte_map_base: 0x000002aff2818000

Marking Bits (Prev, Next): (CMBitMap*) 0x000002aff0dc4fa0, (CMBitMap*) 0x000002aff0dc4fe0
 Prev Bits: [0x000002aff7820000, 0x000002afff7e0000)
 Next Bits: [0x000002af8f000000, 0x000002af96fc0000)

Polling page: 0x000002afeed00000

Metaspace:

Usage:
  Non-class:     11.24 MB used.
      Class:      1.14 MB used.
       Both:     12.38 MB used.

Virtual space:
  Non-class space:       16.00 MB reserved,      11.31 MB ( 71%) committed,  2 nodes.
      Class space:        1.00 GB reserved,       1.19 MB ( <1%) committed,  1 nodes.
              Both:        1.02 GB reserved,      12.50 MB (  1%) committed. 

Chunk freelists:
   Non-Class:  752.00 KB
       Class:  2.72 MB
        Both:  3.45 MB

MaxMetaspaceSize: 17179869184.00 GB
CompressedClassSpaceSize: 1.00 GB
 - commit_granule_bytes: 65536.
 - commit_granule_words: 8192.
 - virtual_space_node_default_size: 1048576.
 - enlarge_chunks_in_place: 1.
 - new_chunks_are_fully_committed: 0.
 - uncommit_free_chunks: 1.
 - use_allocation_guard: 0.
 - handle_deallocations: 1.


Internal statistics:

num_allocs_failed_limit: 0.
num_arena_births: 36.
num_arena_deaths: 0.
num_vsnodes_births: 3.
num_vsnodes_deaths: 0.
num_space_committed: 200.
num_space_uncommitted: 0.
num_chunks_returned_to_freelist: 0.
num_chunks_taken_from_freelist: 132.
num_chunk_merges: 0.
num_chunk_splits: 65.
num_chunks_enlarged: 44.
num_purges: 0.

CodeHeap 'non-profiled nmethods': size=120000Kb used=308Kb max_used=308Kb free=119691Kb
 bounds [0x000002af87ad0000, 0x000002af87d40000, 0x000002af8f000000]
CodeHeap 'profiled nmethods': size=120000Kb used=1714Kb max_used=1714Kb free=118286Kb
 bounds [0x000002af805a0000, 0x000002af80810000, 0x000002af87ad0000]
CodeHeap 'non-nmethods': size=5760Kb used=1214Kb max_used=1241Kb free=4545Kb
 bounds [0x000002af80000000, 0x000002af80270000, 0x000002af805a0000]
 total_blobs=1381 nmethods=955 adapters=339
 compilation: enabled
              stopped_count=0, restarted_count=0
 full_count=0

Compilation events (20 events):
Event: 0.578 Thread 0x000002af9a0b5290 nmethod 946 0x000002af87b1c290 code [0x000002af87b1c420, 0x000002af87b1c538]
Event: 0.581 Thread 0x000002af9a0b0570 nmethod 943 0x000002af87b1c590 code [0x000002af87b1c720, 0x000002af87b1cc78]
Event: 4.972 Thread 0x000002af9a0b5290  947       3       java.nio.ByteBuffer::array (35 bytes)
Event: 4.972 Thread 0x000002af9a0b5290 nmethod 947 0x000002af80749990 code [0x000002af80749b60, 0x000002af80749e58]
Event: 9.754 Thread 0x000002af9a0b5290  948       3       LeafNode::getNodeClass (4 bytes)
Event: 9.754 Thread 0x000002af9a0b5290 nmethod 948 0x000002af80749f90 code [0x000002af8074a120, 0x000002af8074a238]
Event: 9.754 Thread 0x000002af9a0b5290  949       3       java.lang.Integer::toString (55 bytes)
Event: 9.754 Thread 0x000002af9a0b5290 nmethod 949 0x000002af8074a310 code [0x000002af8074a4e0, 0x000002af8074a878]
Event: 11.073 Thread 0x000002af9a0b5290  950       3       java.lang.Integer::toString (8 bytes)
Event: 11.073 Thread 0x000002af9a0b5290 nmethod 950 0x000002af8074aa10 code [0x000002af8074abc0, 0x000002af8074ad08]
Event: 11.073 Thread 0x000002af9a0b5290  952       3       java.io.PrintStream::ensureOpen (18 bytes)
Event: 11.073 Thread 0x000002af9a0b5290 nmethod 952 0x000002af8074ad90 code [0x000002af8074af40, 0x000002af8074b168]
Event: 11.073 Thread 0x000002af9a0b5290  951   !   3       java.io.PrintStream::write (69 bytes)
Event: 11.074 Thread 0x000002af9a0b5290 nmethod 951 0x000002af8074b290 code [0x000002af8074b4a0, 0x000002af8074bbb8]
Event: 13.929 Thread 0x000002af9a0b5290  953       3       java.lang.Integer::compare (20 bytes)
Event: 13.929 Thread 0x000002af9a0b5290 nmethod 953 0x000002af8074bf10 code [0x000002af8074c0c0, 0x000002af8074c298]
Event: 13.929 Thread 0x000002af9a0b5290  954       1       PointNodeList::getSize (5 bytes)
Event: 13.929 Thread 0x000002af9a0b5290 nmethod 954 0x000002af87b1cf10 code [0x000002af87b1d0a0, 0x000002af87b1d178]
Event: 19.063 Thread 0x000002af9a0b5290  955       3       java.lang.Integer::compareTo (12 bytes)
Event: 19.063 Thread 0x000002af9a0b5290 nmethod 955 0x000002af8074c310 code [0x000002af8074c4c0, 0x000002af8074c718]

GC Heap History (0 events):
No events

Deoptimization events (20 events):
Event: 0.575 Thread 0x000002aff0d4e330 DEOPT PACKING pc=0x000002af806dcc5c sp=0x000000c8ea5fdd40
Event: 0.575 Thread 0x000002aff0d4e330 DEOPT UNPACKING pc=0x000002af8004dece sp=0x000000c8ea5fd1f8 mode 1
Event: 0.575 Thread 0x000002aff0d4e330 DEOPT PACKING pc=0x000002af806dd7a4 sp=0x000000c8ea5fdc80
Event: 0.575 Thread 0x000002aff0d4e330 DEOPT UNPACKING pc=0x000002af8004dece sp=0x000000c8ea5fd118 mode 1
Event: 0.575 Thread 0x000002aff0d4e330 DEOPT PACKING pc=0x000002af806dcc5c sp=0x000000c8ea5fdd50
Event: 0.575 Thread 0x000002aff0d4e330 DEOPT UNPACKING pc=0x000002af8004dece sp=0x000000c8ea5fd208 mode 1
Event: 0.576 Thread 0x000002aff0d4e330 DEOPT PACKING pc=0x000002af806dd7a4 sp=0x000000c8ea5fdcd0
Event: 0.576 Thread 0x000002aff0d4e330 DEOPT UNPACKING pc=0x000002af8004dece sp=0x000000c8ea5fd168 mode 1
Event: 0.576 Thread 0x000002aff0d4e330 DEOPT PACKING pc=0x000002af806dcc5c sp=0x000000c8ea5fdda0
Event: 0.576 Thread 0x000002aff0d4e330 DEOPT UNPACKING pc=0x000002af8004dece sp=0x000000c8ea5fd258 mode 1
Event: 0.576 Thread 0x000002aff0d4e330 DEOPT PACKING pc=0x000002af806dd7a4 sp=0x000000c8ea5fdcd0
Event: 0.576 Thread 0x000002aff0d4e330 DEOPT UNPACKING pc=0x000002af8004dece sp=0x000000c8ea5fd168 mode 1
Event: 0.576 Thread 0x000002aff0d4e330 DEOPT PACKING pc=0x000002af806dcc5c sp=0x000000c8ea5fdda0
Event: 0.576 Thread 0x000002aff0d4e330 DEOPT UNPACKING pc=0x000002af8004dece sp=0x000000c8ea5fd258 mode 1
Event: 0.576 Thread 0x000002aff0d4e330 DEOPT PACKING pc=0x000002af80714a79 sp=0x000000c8ea5fd0c0
Event: 0.576 Thread 0x000002aff0d4e330 DEOPT UNPACKING pc=0x000002af8004dece sp=0x000000c8ea5fc520 mode 0
Event: 0.576 Thread 0x000002aff0d4e330 DEOPT PACKING pc=0x000002af806dd7a4 sp=0x000000c8ea5fdcc0
Event: 0.576 Thread 0x000002aff0d4e330 DEOPT UNPACKING pc=0x000002af8004dece sp=0x000000c8ea5fd158 mode 1
Event: 0.576 Thread 0x000002aff0d4e330 DEOPT PACKING pc=0x000002af806dcc5c sp=0x000000c8ea5fdd90
Event: 0.576 Thread 0x000002aff0d4e330 DEOPT UNPACKING pc=0x000002af8004dece sp=0x000000c8ea5fd248 mode 1

Classes unloaded (0 events):
No events

Classes redefined (3 events):
Event: 74.506 Thread 0x000002af9a039b00 redefined class name=PRQuadTree, count=1
Event: 262.271 Thread 0x000002af9a039b00 redefined class name=PRQuadTree, count=2
Event: 262.271 Thread 0x000002af9a039b00 redefined class name=PRQuadTreeTest, count=1

Internal exceptions (14 events):
Event: 0.312 Thread 0x000002aff0d4e330 Exception <a 'java/lang/NoSuchMethodError'{0x0000000620914218}: 'java.lang.Object java.lang.invoke.DirectMethodHandle$Holder.invokeStatic(java.lang.Object)'> (0x0000000620914218) 
thrown [t:\workspace\open\src\hotspot\share\interpreter\linkResolver.cpp, line 790]
Event: 0.375 Thread 0x000002aff0d4e330 Exception <a 'java/lang/NoSuchMethodError'{0x0000000620ad9ae8}: 'java.lang.Object java.lang.invoke.DirectMethodHandle$Holder.invokeStaticInit(java.lang.Object)'> (0x0000000620ad9ae8) 
thrown [t:\workspace\open\src\hotspot\share\interpreter\linkResolver.cpp, line 790]
Event: 0.382 Thread 0x000002aff0d4e330 Exception <a 'java/lang/NoSuchMethodError'{0x0000000620b05c20}: 'void java.lang.invoke.DirectMethodHandle$Holder.invokeStatic(java.lang.Object, java.lang.Object)'> (0x0000000620b05c20) 
thrown [t:\workspace\open\src\hotspot\share\interpreter\linkResolver.cpp, line 790]
Event: 0.445 Thread 0x000002aff0d4e330 Exception <a 'java/lang/NoSuchMethodError'{0x00000006207738d0}: 'java.lang.Object java.lang.invoke.DirectMethodHandle$Holder.invokeInterface(java.lang.Object, java.lang.Object)'> (0x00000006207738d0) 
thrown [t:\workspace\open\src\hotspot\share\interpreter\linkResolver.cpp, line 790]
Event: 0.446 Thread 0x000002aff0d4e330 Exception <a 'java/lang/IncompatibleClassChangeError'{0x00000006207772c8}: Found class java.lang.Object, but interface was expected> (0x00000006207772c8) 
thrown [t:\workspace\open\src\hotspot\share\interpreter\linkResolver.cpp, line 857]
Event: 0.468 Thread 0x000002aff0d4e330 Exception <a 'java/lang/NoSuchMethodError'{0x00000006200a8550}: 'java.lang.Object java.lang.invoke.DirectMethodHandle$Holder.newInvokeSpecial(java.lang.Object, java.lang.Object, java.lang.Object, java.lang.Object, java.lang.Object)'> (0x00000006200a8550) 
thrown [t:\workspace\open\src\hotspot\share\interpreter\linkResolver.cpp, line 790]
Event: 0.510 Thread 0x000002aff0d4e330 Exception <a 'java/lang/NoSuchMethodError'{0x000000062031c720}: 'int java.lang.invoke.DirectMethodHandle$Holder.invokeStaticInit(java.lang.Object, java.lang.Object, java.lang.Object, java.lang.Object)'> (0x000000062031c720) 
thrown [t:\workspace\open\src\hotspot\share\interpreter\linkResolver.cpp, line 790]
Event: 0.511 Thread 0x000002aff0d4e330 Exception <a 'java/lang/IncompatibleClassChangeError'{0x0000000620326100}: Found class java.lang.Object, but interface was expected> (0x0000000620326100) 
thrown [t:\workspace\open\src\hotspot\share\interpreter\linkResolver.cpp, line 857]
Event: 0.511 Thread 0x000002aff0d4e330 Exception <a 'java/lang/NoSuchMethodError'{0x0000000620329710}: 'void java.lang.invoke.DirectMethodHandle$Holder.invokeStaticInit(java.lang.Object, java.lang.Object)'> (0x0000000620329710) 
thrown [t:\workspace\open\src\hotspot\share\interpreter\linkResolver.cpp, line 790]
Event: 0.512 Thread 0x000002aff0d4e330 Exception <a 'java/lang/NoSuchMethodError'{0x0000000620331f00}: 'int java.lang.invoke.DirectMethodHandle$Holder.invokeStaticInit(java.lang.Object, java.lang.Object)'> (0x0000000620331f00) 
thrown [t:\workspace\open\src\hotspot\share\interpreter\linkResolver.cpp, line 790]
Event: 0.526 Thread 0x000002aff0d4e330 Exception <a 'java/lang/ClassNotFoundException'{0x00000006203b09e0}: javax/smartcardio/CardPermission> (0x00000006203b09e0) 
thrown [t:\workspace\open\src\hotspot\share\classfile\systemDictionary.cpp, line 256]
Event: 0.528 Thread 0x000002aff0d4e330 Exception <a 'java/io/FileNotFoundException'{0x00000006203c1520}> (0x00000006203c1520) 
thrown [t:\workspace\open\src\hotspot\share\prims\jni.cpp, line 579]
Event: 0.548 Thread 0x000002aff0d4e330 Exception <a 'java/lang/NoSuchMethodError'{0x000000061fc495c0}: 'java.lang.Object java.lang.invoke.DirectMethodHandle$Holder.invokeStaticInit(java.lang.Object, java.lang.Object, java.lang.Object)'> (0x000000061fc495c0) 
thrown [t:\workspace\open\src\hotspot\share\interpreter\linkResolver.cpp, line 790]
Event: 0.552 Thread 0x000002aff0d4e330 Exception <a 'java/lang/NoSuchMethodError'{0x000000061fc733f8}: 'int java.lang.invoke.DirectMethodHandle$Holder.invokeSpecial(java.lang.Object, java.lang.Object, java.lang.Object)'> (0x000000061fc733f8) 
thrown [t:\workspace\open\src\hotspot\share\interpreter\linkResolver.cpp, line 790]

Events (20 events):
Event: 74.574 Executing  VM operation: get/set locals done
Event: 188.803 Executing  VM operation: ChangeBreakpoints
Event: 188.804 Executing  VM operation: ChangeBreakpoints done
Event: 262.265 Executing  VM operation: ChangeSingleStep
Event: 262.265 Executing  VM operation: ChangeSingleStep done
Event: 262.265 Executing  VM operation: ChangeSingleStep
Event: 262.265 Executing  VM operation: ChangeSingleStep done
Event: 262.270 Executing  VM operation: RedefineClasses
Event: 262.273 Executing  VM operation: RedefineClasses done
Event: 262.277 Executing  VM operation: ChangeBreakpoints
Event: 262.277 Executing  VM operation: ChangeBreakpoints done
Event: 262.281 Executing  VM operation: ChangeBreakpoints
Event: 262.281 Executing  VM operation: ChangeBreakpoints done
Event: 262.283 Executing  VM operation: ChangeSingleStep
Event: 262.283 Executing  VM operation: ChangeSingleStep done
Event: 262.283 Executing  VM operation: get/set locals
Event: 262.283 Executing  VM operation: get/set locals done
Event: 262.283 Executing  VM operation: ChangeSingleStep
Event: 262.283 Executing  VM operation: ChangeSingleStep done
Event: 262.479 Executing  VM operation: get/set locals


Dynamic libraries:
0x00007ff7f6ae0000 - 0x00007ff7f6aee000 	C:\Users\chenj\.p2\pool\plugins\org.eclipse.justj.openjdk.hotspot.jre.full.win32.x86_64_16.0.2.v20210721-1149\jre\bin\javaw.exe
0x00007fff66d50000 - 0x00007fff66f45000 	C:\WINDOWS\SYSTEM32\ntdll.dll
0x00007fff65230000 - 0x00007fff652ee000 	C:\WINDOWS\System32\KERNEL32.DLL
0x00007fff64610000 - 0x00007fff648d9000 	C:\WINDOWS\System32\KERNELBASE.dll
0x00007fff64b90000 - 0x00007fff64c90000 	C:\WINDOWS\System32\ucrtbase.dll
0x00007fff504f0000 - 0x00007fff50508000 	C:\Users\chenj\.p2\pool\plugins\org.eclipse.justj.openjdk.hotspot.jre.full.win32.x86_64_16.0.2.v20210721-1149\jre\bin\jli.dll
0x00007fff34ef0000 - 0x00007fff34f09000 	C:\Users\chenj\.p2\pool\plugins\org.eclipse.justj.openjdk.hotspot.jre.full.win32.x86_64_16.0.2.v20210721-1149\jre\bin\VCRUNTIME140.dll
0x00007fff65420000 - 0x00007fff655c1000 	C:\WINDOWS\System32\USER32.dll
0x00007fff64590000 - 0x00007fff645b2000 	C:\WINDOWS\System32\win32u.dll
0x00007fff66ce0000 - 0x00007fff66d0b000 	C:\WINDOWS\System32\GDI32.dll
0x00007fff64c90000 - 0x00007fff64d9b000 	C:\WINDOWS\System32\gdi32full.dll
0x00007fff64a40000 - 0x00007fff64add000 	C:\WINDOWS\System32\msvcp_win.dll
0x00007fff50980000 - 0x00007fff50c1a000 	C:\WINDOWS\WinSxS\amd64_microsoft.windows.common-controls_6595b64144ccf1df_6.0.19041.1110_none_60b5254171f9507e\COMCTL32.dll
0x00007fff64e80000 - 0x00007fff64f1e000 	C:\WINDOWS\System32\msvcrt.dll
0x00007fff64f20000 - 0x00007fff64f50000 	C:\WINDOWS\System32\IMM32.DLL
0x00007fff4fa10000 - 0x00007fff4fa1c000 	C:\Users\chenj\.p2\pool\plugins\org.eclipse.justj.openjdk.hotspot.jre.full.win32.x86_64_16.0.2.v20210721-1149\jre\bin\vcruntime140_1.dll
0x00007fff174e0000 - 0x00007fff17571000 	C:\Users\chenj\.p2\pool\plugins\org.eclipse.justj.openjdk.hotspot.jre.full.win32.x86_64_16.0.2.v20210721-1149\jre\bin\msvcp140.dll
0x00007ffeca990000 - 0x00007ffecb53b000 	C:\Users\chenj\.p2\pool\plugins\org.eclipse.justj.openjdk.hotspot.jre.full.win32.x86_64_16.0.2.v20210721-1149\jre\bin\server\jvm.dll
0x00007fff65f90000 - 0x00007fff6603c000 	C:\WINDOWS\System32\ADVAPI32.dll
0x00007fff66a60000 - 0x00007fff66afb000 	C:\WINDOWS\System32\sechost.dll
0x00007fff652f0000 - 0x00007fff6541a000 	C:\WINDOWS\System32\RPCRT4.dll
0x00007fff66970000 - 0x00007fff66978000 	C:\WINDOWS\System32\PSAPI.DLL
0x00007fff3cc50000 - 0x00007fff3cc59000 	C:\WINDOWS\SYSTEM32\WSOCK32.dll
0x00007fff664c0000 - 0x00007fff6652b000 	C:\WINDOWS\System32\WS2_32.dll
0x00007fff5c400000 - 0x00007fff5c40a000 	C:\WINDOWS\SYSTEM32\VERSION.dll
0x00007fff5b690000 - 0x00007fff5b6b7000 	C:\WINDOWS\SYSTEM32\WINMM.dll
0x00007fff62390000 - 0x00007fff623a2000 	C:\WINDOWS\SYSTEM32\kernel.appcore.dll
0x00007fff5e7e0000 - 0x00007fff5e7ea000 	C:\Users\chenj\.p2\pool\plugins\org.eclipse.justj.openjdk.hotspot.jre.full.win32.x86_64_16.0.2.v20210721-1149\jre\bin\jimage.dll
0x00007fff4b510000 - 0x00007fff4b6f4000 	C:\WINDOWS\SYSTEM32\DBGHELP.DLL
0x00007fff443f0000 - 0x00007fff4441c000 	C:\WINDOWS\SYSTEM32\dbgcore.DLL
0x00007fff644a0000 - 0x00007fff64523000 	C:\WINDOWS\System32\bcryptPrimitives.dll
0x00007fff34eb0000 - 0x00007fff34eeb000 	C:\Users\chenj\.p2\pool\plugins\org.eclipse.justj.openjdk.hotspot.jre.full.win32.x86_64_16.0.2.v20210721-1149\jre\bin\jdwp.dll
0x00007fff382a0000 - 0x00007fff382ae000 	C:\Users\chenj\.p2\pool\plugins\org.eclipse.justj.openjdk.hotspot.jre.full.win32.x86_64_16.0.2.v20210721-1149\jre\bin\instrument.dll
0x00007fff382d0000 - 0x00007fff382f5000 	C:\Users\chenj\.p2\pool\plugins\org.eclipse.justj.openjdk.hotspot.jre.full.win32.x86_64_16.0.2.v20210721-1149\jre\bin\java.dll
0x00007fff4fa20000 - 0x00007fff4fa38000 	C:\Users\chenj\.p2\pool\plugins\org.eclipse.justj.openjdk.hotspot.jre.full.win32.x86_64_16.0.2.v20210721-1149\jre\bin\zip.dll
0x00007fff655d0000 - 0x00007fff65d0f000 	C:\WINDOWS\System32\SHELL32.dll
0x00007fff62590000 - 0x00007fff62d20000 	C:\WINDOWS\SYSTEM32\windows.storage.dll
0x00007fff665b0000 - 0x00007fff66905000 	C:\WINDOWS\System32\combase.dll
0x00007fff63e50000 - 0x00007fff63e7c000 	C:\WINDOWS\SYSTEM32\Wldp.dll
0x00007fff65e60000 - 0x00007fff65f0d000 	C:\WINDOWS\System32\SHCORE.dll
0x00007fff66b60000 - 0x00007fff66bb5000 	C:\WINDOWS\System32\shlwapi.dll
0x00007fff643b0000 - 0x00007fff643cf000 	C:\WINDOWS\SYSTEM32\profapi.dll
0x00007fff37fb0000 - 0x00007fff37fbc000 	C:\Users\chenj\.p2\pool\plugins\org.eclipse.justj.openjdk.hotspot.jre.full.win32.x86_64_16.0.2.v20210721-1149\jre\bin\dt_socket.dll
0x00007fff63840000 - 0x00007fff6387b000 	C:\WINDOWS\SYSTEM32\IPHLPAPI.DLL
0x00007fff63b50000 - 0x00007fff63bba000 	C:\WINDOWS\system32\mswsock.dll
0x00007fff63880000 - 0x00007fff6394c000 	C:\WINDOWS\SYSTEM32\DNSAPI.dll
0x00007fff65d10000 - 0x00007fff65d18000 	C:\WINDOWS\System32\NSI.dll
0x00007fff57350000 - 0x00007fff5735a000 	C:\Windows\System32\rasadhlp.dll
0x00007fff4f8a0000 - 0x00007fff4f91f000 	C:\WINDOWS\System32\fwpuclnt.dll
0x00007fff64470000 - 0x00007fff64497000 	C:\WINDOWS\System32\bcrypt.dll
0x00007fff382b0000 - 0x00007fff382c9000 	C:\Users\chenj\.p2\pool\plugins\org.eclipse.justj.openjdk.hotspot.jre.full.win32.x86_64_16.0.2.v20210721-1149\jre\bin\net.dll
0x00007fff5a8c0000 - 0x00007fff5a9c8000 	C:\WINDOWS\SYSTEM32\WINHTTP.dll
0x00007fff35790000 - 0x00007fff357a3000 	C:\Users\chenj\.p2\pool\plugins\org.eclipse.justj.openjdk.hotspot.jre.full.win32.x86_64_16.0.2.v20210721-1149\jre\bin\nio.dll
0x00007fff5e780000 - 0x00007fff5e790000 	C:\Users\chenj\.p2\pool\plugins\org.eclipse.justj.openjdk.hotspot.jre.full.win32.x86_64_16.0.2.v20210721-1149\jre\bin\verify.dll
0x00007fff5d680000 - 0x00007fff5d697000 	C:\WINDOWS\SYSTEM32\dhcpcsvc6.DLL
0x00007fff5d9f0000 - 0x00007fff5da0d000 	C:\WINDOWS\SYSTEM32\dhcpcsvc.DLL
0x00007fff3dd80000 - 0x00007fff3dd89000 	C:\Users\chenj\.p2\pool\plugins\org.eclipse.justj.openjdk.hotspot.jre.full.win32.x86_64_16.0.2.v20210721-1149\jre\bin\management.dll
0x00007fff3d240000 - 0x00007fff3d24b000 	C:\Users\chenj\.p2\pool\plugins\org.eclipse.justj.openjdk.hotspot.jre.full.win32.x86_64_16.0.2.v20210721-1149\jre\bin\management_ext.dll

dbghelp: loaded successfully - version: 4.0.5 - missing functions: none
symbol engine: initialized successfully - sym options: 0x614 - pdb path: .;C:\Users\chenj\.p2\pool\plugins\org.eclipse.justj.openjdk.hotspot.jre.full.win32.x86_64_16.0.2.v20210721-1149\jre\bin;C:\WINDOWS\SYSTEM32;C:\WINDOWS\WinSxS\amd64_microsoft.windows.common-controls_6595b64144ccf1df_6.0.19041.1110_none_60b5254171f9507e;C:\Users\chenj\.p2\pool\plugins\org.eclipse.justj.openjdk.hotspot.jre.full.win32.x86_64_16.0.2.v20210721-1149\jre\bin\server

VM Arguments:
jvm_args: -XX:+ShowCodeDetailsInExceptionMessages -agentlib:jdwp=transport=dt_socket,suspend=y,address=localhost:54156 -ea -javaagent:C:\Users\chenj\eclipse\java-2021-06\eclipse\configuration\org.eclipse.osgi\222\0\.cp\lib\javaagent-shaded.jar -Dfile.encoding=Cp1252 
java_command: org.eclipse.jdt.internal.junit.runner.RemoteTestRunner -version 3 -port 54155 -testLoaderClass org.eclipse.jdt.internal.junit4.runner.JUnit4TestLoader -loaderpluginname org.eclipse.jdt.junit4.runtime -classNames PRQuadTreeTest
java_class_path (initial): C:\Users\chenj\eclipse-workspace\PRQuadTree\bin;C:\Users\chenj\eclipse-workspace\PRQuadTree\student.jar;C:\Users\chenj\eclipse\java-2021-06\eclipse\configuration\org.eclipse.osgi\220\0\.cp;C:\Users\chenj\eclipse\java-2021-06\eclipse\configuration\org.eclipse.osgi\219\0\.cp
Launcher Type: SUN_STANDARD

[Global flags]
     intx CICompilerCount                          = 4                                         {product} {ergonomic}
     uint ConcGCThreads                            = 3                                         {product} {ergonomic}
     uint G1ConcRefinementThreads                  = 10                                        {product} {ergonomic}
   size_t G1HeapRegionSize                         = 4194304                                   {product} {ergonomic}
    uintx GCDrainStackTargetSize                   = 64                                        {product} {ergonomic}
   size_t InitialHeapSize                          = 536870912                                 {product} {ergonomic}
   size_t MarkStackSize                            = 4194304                                   {product} {ergonomic}
   size_t MaxHeapSize                              = 8573157376                                {product} {ergonomic}
   size_t MaxNewSize                               = 5142216704                                {product} {ergonomic}
   size_t MinHeapDeltaBytes                        = 4194304                                   {product} {ergonomic}
   size_t MinHeapSize                              = 8388608                                   {product} {ergonomic}
    uintx NonNMethodCodeHeapSize                   = 5839372                                {pd product} {ergonomic}
    uintx NonProfiledCodeHeapSize                  = 122909434                              {pd product} {ergonomic}
    uintx ProfiledCodeHeapSize                     = 122909434                              {pd product} {ergonomic}
    uintx ReservedCodeCacheSize                    = 251658240                              {pd product} {ergonomic}
     bool SegmentedCodeCache                       = true                                      {product} {ergonomic}
     bool ShowCodeDetailsInExceptionMessages       = true                                   {manageable} {command line}
   size_t SoftMaxHeapSize                          = 8573157376                             {manageable} {ergonomic}
     bool UseCompressedClassPointers               = true                           {product lp64_product} {ergonomic}
     bool UseCompressedOops                        = true                           {product lp64_product} {ergonomic}
     bool UseG1GC                                  = true                                      {product} {ergonomic}
     bool UseLargePagesIndividualAllocation        = false                                  {pd product} {ergonomic}

Logging:
Log output configuration:
 #0: stdout all=warning uptime,level,tags
 #1: stderr all=off uptime,level,tags

Environment Variables:
PATH=C:\Users\chenj\.p2\pool\plugins\org.eclipse.justj.openjdk.hotspot.jre.full.win32.x86_64_16.0.2.v20210721-1149\jre\bin;C:/Users/chenj/.p2/pool/plugins/org.eclipse.justj.openjdk.hotspot.jre.full.win32.x86_64_16.0.2.v20210721-1149/jre/bin/server;C:/Users/chenj/.p2/pool/plugins/org.eclipse.justj.openjdk.hotspot.jre.full.win32.x86_64_16.0.2.v20210721-1149/jre/bin;C:\Program Files (x86)\Common Files\Oracle\Java\javapath;C:\Program Files (x86)\Intel\iCLS Client\;C:\Program Files\Intel\iCLS Client\;C:\Windows\system32;C:\Windows;C:\Windows\System32\Wbem;C:\Windows\System32\WindowsPowerShell\v1.0\;C:\Program Files (x86)\Intel\Intel(R) Management Engine Components\DAL;C:\Program Files\Intel\Intel(R) Management Engine Components\DAL;C:\Program Files (x86)\Intel\Intel(R) Management Engine Components\IPT;C:\Program Files\Intel\Intel(R) Management Engine Components\IPT;C:\Program Files (x86)\NVIDIA Corporation\PhysX\Common;C:\WINDOWS\system32;C:\WINDOWS;C:\WINDOWS\System32\Wbem;C:\WINDOWS\System32\WindowsPowerShell\v1.0\;C:\WINDOWS\System32\OpenSSH\;C:\Program Files\Microsoft SQL Server\Client SDK\ODBC\110\Tools\Binn\;C:\Program Files (x86)\Microsoft SQL Server\120\Tools\Binn\;C:\Program Files\Microsoft SQL Server\120\Tools\Binn\;C:\Program Files\Microsoft SQL Server\120\DTS\Binn\;C:\Program Files (x86)\Windows Kits\8.1\Windows Performance Toolkit\;C:\WINDOWS\system32;C:\WINDOWS;C:\WINDOWS\System32\Wbem;C:\WINDOWS\System32\WindowsPowerShell\v1.0\;C:\WINDOWS\System32\OpenSSH\;C:\Program Files\Git\cmd;C:\Users\chenj\AppData\Local\Microsoft\WindowsApps;;C:\Users\chenj\AppData\Local\Programs\Microsoft VS Code\bin;C:\Users\chenj\Desktop;
USERNAME=chenj
OS=Windows_NT
PROCESSOR_IDENTIFIER=AMD64 Family 23 Model 8 Stepping 2, AuthenticAMD



---------------  S Y S T E M  ---------------

OS:
 Windows 10 , 64 bit Build 19041 (10.0.19041.1202)
OS uptime: 2 days 11:51 hours

CPU: total 12 (initial active 12) (12 cores per cpu, 2 threads per core) family 23 model 8 stepping 2 microcode 0x0, cx8, cmov, fxsr, ht, mmx, 3dnowpref, sse, sse2, sse3, ssse3, sse4a, sse4.1, sse4.2, popcnt, lzcnt, tsc, tscinvbit, avx, avx2, aes, clmul, bmi1, bmi2, adx, sha, fma, vzeroupper, clflush, clflushopt

Memory: 4k page, system-wide physical 32693M (19822M free)
TotalPageFile size 37557M (AvailPageFile size 16695M)
current process WorkingSet (physical memory assigned to process): 65M, peak: 69M
current process commit charge ("private bytes"): 621M, peak: 624M

vm_info: OpenJDK 64-Bit Server VM (16.0.2+7-67) for windows-amd64 JRE (16.0.2+7-67), built on Jun  8 2021 23:21:43 by "mach5one" with MS VC++ 16.7 (VS2019)

END.
